[17:39:32 - AWT-EventQueue-0] [Cooja.java:2856] [INFO] - External tools default settings: /external_tools_linux_64.config
[17:39:32 - AWT-EventQueue-0] [Cooja.java:2886] [INFO] - External tools user settings: /home/c-3po/.cooja.user.properties
[17:39:38 - AWT-EventQueue-0] [Simulation.java:422] [INFO] - Simulation random seed: 123456
[17:39:38 - AWT-EventQueue-0] [Visualizer.java:256] [INFO] - Registered external visualizer: org.contikios.cooja.plugins.skins.DGRMVisualizerSkin
[17:39:49 - AWT-EventQueue-0] [Cooja.java:4140] [WARN] - Path is not portable: '/home/c-3po/Documenti/Wireless Sensors Network/Final Project/project/app.sky
[17:40:07 - AWT-EventQueue-0] [MspMote.java:235] [INFO] - Loading firmware from: /home/c-3po/Documenti/Wireless Sensors Network/Final Project/project/app.sky
[17:40:07 - AWT-EventQueue-0] [MspMote.java:235] [INFO] - Loading firmware from: /home/c-3po/Documenti/Wireless Sensors Network/Final Project/project/app.sky
[17:40:07 - AWT-EventQueue-0] [MspMote.java:235] [INFO] - Loading firmware from: /home/c-3po/Documenti/Wireless Sensors Network/Final Project/project/app.sky
[17:40:07 - AWT-EventQueue-0] [MspMote.java:235] [INFO] - Loading firmware from: /home/c-3po/Documenti/Wireless Sensors Network/Final Project/project/app.sky
[17:40:07 - AWT-EventQueue-0] [MspMote.java:235] [INFO] - Loading firmware from: /home/c-3po/Documenti/Wireless Sensors Network/Final Project/project/app.sky
[17:40:23 - Thread-1] [Simulation.java:253] [INFO] - Simulation main loop started, system time: 1512405623363
[17:40:44 - Thread-1] [Simulation.java:312] [INFO] - Simulation main loop stopped, system time: 1512405644195	Duration: 20832 ms	Simulated time 326637 ms	Ratio 15.679579493087557
[17:44:00 - Thread-2] [Cooja.java:4140] [WARN] - Path is not portable: '/home/c-3po/Documenti/Wireless Sensors Network/Final Project/project/app.sky
[17:44:00 - Thread-2] [Simulation.java:422] [INFO] - Simulation random seed: 123456
[17:44:00 - Thread-2] [MspMote.java:235] [INFO] - Loading firmware from: /home/c-3po/Documenti/Wireless Sensors Network/Final Project/project/app.sky
[17:44:00 - Thread-2] [MspMote.java:235] [INFO] - Loading firmware from: /home/c-3po/Documenti/Wireless Sensors Network/Final Project/project/app.sky
[17:44:00 - Thread-2] [MspMote.java:235] [INFO] - Loading firmware from: /home/c-3po/Documenti/Wireless Sensors Network/Final Project/project/app.sky
[17:44:00 - Thread-2] [MspMote.java:235] [INFO] - Loading firmware from: /home/c-3po/Documenti/Wireless Sensors Network/Final Project/project/app.sky
[17:44:00 - Thread-2] [MspMote.java:235] [INFO] - Loading firmware from: /home/c-3po/Documenti/Wireless Sensors Network/Final Project/project/app.sky
[17:44:00 - Thread-2] [TimeLine.java:567] [INFO] - Zoom level: 500.0 microseconds/pixel 
[17:44:02 - Thread-3] [Simulation.java:253] [INFO] - Simulation main loop started, system time: 1512405842304
[17:44:11 - Thread-3] [Simulation.java:312] [INFO] - Simulation main loop stopped, system time: 1512405851142	Duration: 8838 ms	Simulated time 155864 ms	Ratio 17.635664177415705
[17:47:10 - Thread-4] [Cooja.java:4140] [WARN] - Path is not portable: '/home/c-3po/Documenti/Wireless Sensors Network/Final Project/project/app.sky
[17:47:10 - Thread-4] [Simulation.java:422] [INFO] - Simulation random seed: 123456
[17:47:10 - Thread-4] [MspMote.java:235] [INFO] - Loading firmware from: /home/c-3po/Documenti/Wireless Sensors Network/Final Project/project/app.sky
[17:47:10 - Thread-4] [MspMote.java:235] [INFO] - Loading firmware from: /home/c-3po/Documenti/Wireless Sensors Network/Final Project/project/app.sky
[17:47:10 - Thread-4] [MspMote.java:235] [INFO] - Loading firmware from: /home/c-3po/Documenti/Wireless Sensors Network/Final Project/project/app.sky
[17:47:10 - Thread-4] [MspMote.java:235] [INFO] - Loading firmware from: /home/c-3po/Documenti/Wireless Sensors Network/Final Project/project/app.sky
[17:47:10 - Thread-4] [MspMote.java:235] [INFO] - Loading firmware from: /home/c-3po/Documenti/Wireless Sensors Network/Final Project/project/app.sky
[17:47:10 - Thread-4] [TimeLine.java:567] [INFO] - Zoom level: 500.0 microseconds/pixel 
[17:47:11 - Thread-5] [Simulation.java:253] [INFO] - Simulation main loop started, system time: 1512406031788
[17:47:17 - Thread-5] [Simulation.java:312] [INFO] - Simulation main loop stopped, system time: 1512406037995	Duration: 6207 ms	Simulated time 116875 ms	Ratio 18.829547285323024
[17:49:23 - Thread-6] [Cooja.java:4140] [WARN] - Path is not portable: '/home/c-3po/Documenti/Wireless Sensors Network/Final Project/project/app.sky
[17:49:23 - Thread-6] [Simulation.java:422] [INFO] - Simulation random seed: 123456
[17:49:24 - Thread-6] [MspMote.java:235] [INFO] - Loading firmware from: /home/c-3po/Documenti/Wireless Sensors Network/Final Project/project/app.sky
[17:49:24 - Thread-6] [MspMote.java:235] [INFO] - Loading firmware from: /home/c-3po/Documenti/Wireless Sensors Network/Final Project/project/app.sky
[17:49:24 - Thread-6] [MspMote.java:235] [INFO] - Loading firmware from: /home/c-3po/Documenti/Wireless Sensors Network/Final Project/project/app.sky
[17:49:24 - Thread-6] [MspMote.java:235] [INFO] - Loading firmware from: /home/c-3po/Documenti/Wireless Sensors Network/Final Project/project/app.sky
[17:49:24 - Thread-6] [MspMote.java:235] [INFO] - Loading firmware from: /home/c-3po/Documenti/Wireless Sensors Network/Final Project/project/app.sky
[17:49:24 - Thread-6] [TimeLine.java:567] [INFO] - Zoom level: 500.0 microseconds/pixel 
[17:49:25 - Thread-7] [Simulation.java:253] [INFO] - Simulation main loop started, system time: 1512406165350
[17:49:30 - Thread-7] [Simulation.java:312] [INFO] - Simulation main loop stopped, system time: 1512406170926	Duration: 5576 ms	Simulated time 99411 ms	Ratio 17.828371592539455
[17:53:07 - Thread-8] [Cooja.java:4140] [WARN] - Path is not portable: '/home/c-3po/Documenti/Wireless Sensors Network/Final Project/project/app.sky
[17:53:08 - Thread-8] [Simulation.java:422] [INFO] - Simulation random seed: 123456
[17:53:08 - Thread-8] [MspMote.java:235] [INFO] - Loading firmware from: /home/c-3po/Documenti/Wireless Sensors Network/Final Project/project/app.sky
[17:53:08 - Thread-8] [MspMote.java:235] [INFO] - Loading firmware from: /home/c-3po/Documenti/Wireless Sensors Network/Final Project/project/app.sky
[17:53:08 - Thread-8] [MspMote.java:235] [INFO] - Loading firmware from: /home/c-3po/Documenti/Wireless Sensors Network/Final Project/project/app.sky
[17:53:08 - Thread-8] [MspMote.java:235] [INFO] - Loading firmware from: /home/c-3po/Documenti/Wireless Sensors Network/Final Project/project/app.sky
[17:53:08 - Thread-8] [MspMote.java:235] [INFO] - Loading firmware from: /home/c-3po/Documenti/Wireless Sensors Network/Final Project/project/app.sky
[17:53:08 - Thread-8] [TimeLine.java:567] [INFO] - Zoom level: 500.0 microseconds/pixel 
[17:53:09 - Thread-9] [Simulation.java:253] [INFO] - Simulation main loop started, system time: 1512406389498
[17:53:15 - Thread-9] [Simulation.java:312] [INFO] - Simulation main loop stopped, system time: 1512406395770	Duration: 6272 ms	Simulated time 116622 ms	Ratio 18.59406887755102
[17:57:07 - Thread-10] [Cooja.java:4140] [WARN] - Path is not portable: '/home/c-3po/Documenti/Wireless Sensors Network/Final Project/project/app.sky
[17:57:07 - Thread-10] [Simulation.java:422] [INFO] - Simulation random seed: 123456
[17:57:07 - Thread-10] [MspMote.java:235] [INFO] - Loading firmware from: /home/c-3po/Documenti/Wireless Sensors Network/Final Project/project/app.sky
[17:57:07 - Thread-10] [MspMote.java:235] [INFO] - Loading firmware from: /home/c-3po/Documenti/Wireless Sensors Network/Final Project/project/app.sky
[17:57:07 - Thread-10] [MspMote.java:235] [INFO] - Loading firmware from: /home/c-3po/Documenti/Wireless Sensors Network/Final Project/project/app.sky
[17:57:07 - Thread-10] [MspMote.java:235] [INFO] - Loading firmware from: /home/c-3po/Documenti/Wireless Sensors Network/Final Project/project/app.sky
[17:57:07 - Thread-10] [MspMote.java:235] [INFO] - Loading firmware from: /home/c-3po/Documenti/Wireless Sensors Network/Final Project/project/app.sky
[17:57:07 - Thread-10] [TimeLine.java:567] [INFO] - Zoom level: 500.0 microseconds/pixel 
[17:57:08 - Thread-11] [Simulation.java:253] [INFO] - Simulation main loop started, system time: 1512406628559
[17:57:16 - Thread-11] [Simulation.java:312] [INFO] - Simulation main loop stopped, system time: 1512406636534	Duration: 7975 ms	Simulated time 132828 ms	Ratio 16.65554858934169
